0 info it worked if it ends with ok
1 verbose cli [ '/home/ubuntu/.nvm/versions/node/v6.11.2/bin/node',
1 verbose cli   '/home/ubuntu/.nvm/versions/node/v6.11.2/bin/npm',
1 verbose cli   'update' ]
2 info using npm@3.10.10
3 info using node@v6.11.2
4 silly mapToRegistry name connect-flash
5 silly mapToRegistry using default registry
6 silly mapToRegistry registry https://registry.npmjs.org/
7 silly mapToRegistry data Result {
7 silly mapToRegistry   raw: 'connect-flash',
7 silly mapToRegistry   scope: null,
7 silly mapToRegistry   escapedName: 'connect-flash',
7 silly mapToRegistry   name: 'connect-flash',
7 silly mapToRegistry   rawSpec: '',
7 silly mapToRegistry   spec: 'latest',
7 silly mapToRegistry   type: 'tag' }
8 silly mapToRegistry uri https://registry.npmjs.org/connect-flash
9 silly mapToRegistry name ejs
10 silly mapToRegistry using default registry
11 silly mapToRegistry registry https://registry.npmjs.org/
12 silly mapToRegistry data Result {
12 silly mapToRegistry   raw: 'ejs',
12 silly mapToRegistry   scope: null,
12 silly mapToRegistry   escapedName: 'ejs',
12 silly mapToRegistry   name: 'ejs',
12 silly mapToRegistry   rawSpec: '',
12 silly mapToRegistry   spec: 'latest',
12 silly mapToRegistry   type: 'tag' }
13 silly mapToRegistry uri https://registry.npmjs.org/ejs
14 silly mapToRegistry name express
15 silly mapToRegistry using default registry
16 silly mapToRegistry registry https://registry.npmjs.org/
17 silly mapToRegistry data Result {
17 silly mapToRegistry   raw: 'express',
17 silly mapToRegistry   scope: null,
17 silly mapToRegistry   escapedName: 'express',
17 silly mapToRegistry   name: 'express',
17 silly mapToRegistry   rawSpec: '',
17 silly mapToRegistry   spec: 'latest',
17 silly mapToRegistry   type: 'tag' }
18 silly mapToRegistry uri https://registry.npmjs.org/express
19 silly mapToRegistry name express-session
20 silly mapToRegistry using default registry
21 silly mapToRegistry registry https://registry.npmjs.org/
22 silly mapToRegistry data Result {
22 silly mapToRegistry   raw: 'express-session',
22 silly mapToRegistry   scope: null,
22 silly mapToRegistry   escapedName: 'express-session',
22 silly mapToRegistry   name: 'express-session',
22 silly mapToRegistry   rawSpec: '',
22 silly mapToRegistry   spec: 'latest',
22 silly mapToRegistry   type: 'tag' }
23 silly mapToRegistry uri https://registry.npmjs.org/express-session
24 silly mapToRegistry name flash-message
25 silly mapToRegistry using default registry
26 silly mapToRegistry registry https://registry.npmjs.org/
27 silly mapToRegistry data Result {
27 silly mapToRegistry   raw: 'flash-message',
27 silly mapToRegistry   scope: null,
27 silly mapToRegistry   escapedName: 'flash-message',
27 silly mapToRegistry   name: 'flash-message',
27 silly mapToRegistry   rawSpec: '',
27 silly mapToRegistry   spec: 'latest',
27 silly mapToRegistry   type: 'tag' }
28 silly mapToRegistry uri https://registry.npmjs.org/flash-message
29 silly mapToRegistry name method-override
30 silly mapToRegistry using default registry
31 silly mapToRegistry registry https://registry.npmjs.org/
32 silly mapToRegistry data Result {
32 silly mapToRegistry   raw: 'method-override',
32 silly mapToRegistry   scope: null,
32 silly mapToRegistry   escapedName: 'method-override',
32 silly mapToRegistry   name: 'method-override',
32 silly mapToRegistry   rawSpec: '',
32 silly mapToRegistry   spec: 'latest',
32 silly mapToRegistry   type: 'tag' }
33 silly mapToRegistry uri https://registry.npmjs.org/method-override
34 silly mapToRegistry name mongoose
35 silly mapToRegistry using default registry
36 silly mapToRegistry registry https://registry.npmjs.org/
37 silly mapToRegistry data Result {
37 silly mapToRegistry   raw: 'mongoose',
37 silly mapToRegistry   scope: null,
37 silly mapToRegistry   escapedName: 'mongoose',
37 silly mapToRegistry   name: 'mongoose',
37 silly mapToRegistry   rawSpec: '',
37 silly mapToRegistry   spec: 'latest',
37 silly mapToRegistry   type: 'tag' }
38 silly mapToRegistry uri https://registry.npmjs.org/mongoose
39 silly mapToRegistry name passport
40 silly mapToRegistry using default registry
41 silly mapToRegistry registry https://registry.npmjs.org/
42 silly mapToRegistry data Result {
42 silly mapToRegistry   raw: 'passport',
42 silly mapToRegistry   scope: null,
42 silly mapToRegistry   escapedName: 'passport',
42 silly mapToRegistry   name: 'passport',
42 silly mapToRegistry   rawSpec: '',
42 silly mapToRegistry   spec: 'latest',
42 silly mapToRegistry   type: 'tag' }
43 silly mapToRegistry uri https://registry.npmjs.org/passport
44 silly mapToRegistry name passport-local-mongoose
45 silly mapToRegistry using default registry
46 silly mapToRegistry registry https://registry.npmjs.org/
47 silly mapToRegistry data Result {
47 silly mapToRegistry   raw: 'passport-local-mongoose',
47 silly mapToRegistry   scope: null,
47 silly mapToRegistry   escapedName: 'passport-local-mongoose',
47 silly mapToRegistry   name: 'passport-local-mongoose',
47 silly mapToRegistry   rawSpec: '',
47 silly mapToRegistry   spec: 'latest',
47 silly mapToRegistry   type: 'tag' }
48 silly mapToRegistry uri https://registry.npmjs.org/passport-local-mongoose
49 silly mapToRegistry name request
50 silly mapToRegistry using default registry
51 silly mapToRegistry registry https://registry.npmjs.org/
52 silly mapToRegistry data Result {
52 silly mapToRegistry   raw: 'request',
52 silly mapToRegistry   scope: null,
52 silly mapToRegistry   escapedName: 'request',
52 silly mapToRegistry   name: 'request',
52 silly mapToRegistry   rawSpec: '',
52 silly mapToRegistry   spec: 'latest',
52 silly mapToRegistry   type: 'tag' }
53 silly mapToRegistry uri https://registry.npmjs.org/request
54 verbose request uri https://registry.npmjs.org/connect-flash
55 verbose request no auth needed
56 info attempt registry request try #1 at 11:36:57 AM
57 verbose request id 67383570d394ffbc
58 verbose etag W/"9d6bf54d2fded8f4bc30321137e7ca37"
59 verbose lastModified Fri, 03 Aug 2018 00:32:06 GMT
60 http request GET https://registry.npmjs.org/connect-flash
61 verbose request uri https://registry.npmjs.org/method-override
62 verbose request no auth needed
63 info attempt registry request try #1 at 11:36:57 AM
64 verbose etag W/"9960d1d2f85d0ddefbf3fb05444ac0fd"
65 verbose lastModified Thu, 12 Jul 2018 03:11:38 GMT
66 http request GET https://registry.npmjs.org/method-override
67 verbose request uri https://registry.npmjs.org/express-session
68 verbose request no auth needed
69 info attempt registry request try #1 at 11:36:57 AM
70 verbose etag W/"e081878343063fefda86616da0c5fc4c"
71 verbose lastModified Thu, 11 Apr 2019 16:25:35 GMT
72 http request GET https://registry.npmjs.org/express-session
73 verbose request uri https://registry.npmjs.org/passport-local-mongoose
74 verbose request no auth needed
75 info attempt registry request try #1 at 11:36:57 AM
76 verbose etag W/"a0a551088b5a11bec6206b4128c7ade3"
77 verbose lastModified Wed, 20 Jun 2018 17:24:25 GMT
78 http request GET https://registry.npmjs.org/passport-local-mongoose
79 verbose request uri https://registry.npmjs.org/passport
80 verbose request no auth needed
81 info attempt registry request try #1 at 11:36:57 AM
82 verbose etag W/"d420c0068b436742a648d86920e0249a"
83 verbose lastModified Sun, 10 Mar 2019 10:50:43 GMT
84 http request GET https://registry.npmjs.org/passport
85 verbose request uri https://registry.npmjs.org/flash-message
86 verbose request no auth needed
87 info attempt registry request try #1 at 11:36:57 AM
88 verbose etag W/"07837e3f335e4a3077f3dffe542025b7"
89 verbose lastModified Sun, 27 May 2018 00:52:07 GMT
90 http request GET https://registry.npmjs.org/flash-message
91 verbose request uri https://registry.npmjs.org/request
92 verbose request no auth needed
93 info attempt registry request try #1 at 11:36:57 AM
94 verbose etag W/"cf3f809df37fca1a3bad35bb71b5f1ea"
95 verbose lastModified Wed, 16 Jan 2019 11:19:38 GMT
96 http request GET https://registry.npmjs.org/request
97 verbose request uri https://registry.npmjs.org/ejs
98 verbose request no auth needed
99 info attempt registry request try #1 at 11:36:57 AM
100 verbose etag W/"c5327710c04c9233437e053c081a4080"
101 verbose lastModified Sun, 10 Mar 2019 10:50:42 GMT
102 http request GET https://registry.npmjs.org/ejs
103 verbose request uri https://registry.npmjs.org/express
104 verbose request no auth needed
105 info attempt registry request try #1 at 11:36:57 AM
106 verbose etag W/"e5dba37fac2bf856e0f7691b5364827f"
107 verbose lastModified Fri, 19 Apr 2019 20:47:24 GMT
108 http request GET https://registry.npmjs.org/express
109 verbose request uri https://registry.npmjs.org/mongoose
110 verbose request no auth needed
111 info attempt registry request try #1 at 11:36:57 AM
112 verbose etag W/"e2120307b08d37aaa2ab9768037bce41"
113 verbose lastModified Thu, 25 Apr 2019 19:29:26 GMT
114 http request GET https://registry.npmjs.org/mongoose
115 http 304 https://registry.npmjs.org/passport
116 verbose headers { date: 'Fri, 17 May 2019 11:36:57 GMT',
116 verbose headers   connection: 'keep-alive',
116 verbose headers   'set-cookie': [ '__cfduid=d628156e5807feb2c822ff71cb021d7bf1558093017; expires=Sat, 16-May-20 11:36:57 GMT; path=/; domain=.registry.npmjs.org; HttpOnly' ],
116 verbose headers   'cf-cache-status': 'HIT',
116 verbose headers   'cache-control': 'max-age=300',
116 verbose headers   'cf-ray': '4d854bedc9c745b2-TPE',
116 verbose headers   etag: '"d420c0068b436742a648d86920e0249a"',
116 verbose headers   'expect-ct': 'max-age=604800, report-uri="https://report-uri.cloudflare.com/cdn-cgi/beacon/expect-ct"',
116 verbose headers   'last-modified': 'Sun, 10 Mar 2019 10:50:43 GMT',
116 verbose headers   vary: 'accept-encoding, accept',
116 verbose headers   'x-amz-meta-rev': '661-249fc2da67a52f67db64a796f2858e75',
116 verbose headers   server: 'cloudflare' }
117 silly get cb [ 304,
117 silly get   { date: 'Fri, 17 May 2019 11:36:57 GMT',
117 silly get     connection: 'keep-alive',
117 silly get     'set-cookie': [ '__cfduid=d628156e5807feb2c822ff71cb021d7bf1558093017; expires=Sat, 16-May-20 11:36:57 GMT; path=/; domain=.registry.npmjs.org; HttpOnly' ],
117 silly get     'cf-cache-status': 'HIT',
117 silly get     'cache-control': 'max-age=300',
117 silly get     'cf-ray': '4d854bedc9c745b2-TPE',
117 silly get     etag: '"d420c0068b436742a648d86920e0249a"',
117 silly get     'expect-ct': 'max-age=604800, report-uri="https://report-uri.cloudflare.com/cdn-cgi/beacon/expect-ct"',
117 silly get     'last-modified': 'Sun, 10 Mar 2019 10:50:43 GMT',
117 silly get     vary: 'accept-encoding, accept',
117 silly get     'x-amz-meta-rev': '661-249fc2da67a52f67db64a796f2858e75',
117 silly get     server: 'cloudflare' } ]
118 verbose etag https://registry.npmjs.org/passport from cache
119 verbose get saving passport to /home/ubuntu/.npm/registry.npmjs.org/passport/.cache.json
120 verbose correctMkdir /home/ubuntu/.npm correctMkdir not in flight; initializing
121 http 304 https://registry.npmjs.org/express-session
122 verbose headers { date: 'Fri, 17 May 2019 11:36:57 GMT',
122 verbose headers   connection: 'keep-alive',
122 verbose headers   'set-cookie': [ '__cfduid=d18a07e97532a53ce60f004b9930aef401558093017; expires=Sat, 16-May-20 11:36:57 GMT; path=/; domain=.registry.npmjs.org; HttpOnly' ],
122 verbose headers   'cf-cache-status': 'HIT',
122 verbose headers   'cache-control': 'max-age=300',
122 verbose headers   'cf-ray': '4d854beddaa3462a-TPE',
122 verbose headers   etag: '"e081878343063fefda86616da0c5fc4c"',
122 verbose headers   'expect-ct': 'max-age=604800, report-uri="https://report-uri.cloudflare.com/cdn-cgi/beacon/expect-ct"',
122 verbose headers   'last-modified': 'Thu, 11 Apr 2019 16:25:35 GMT',
122 verbose headers   vary: 'accept-encoding, accept',
122 verbose headers   'x-amz-meta-rev': '522-00606bea6afe106d00812b29d578dfd6',
122 verbose headers   server: 'cloudflare' }
123 silly get cb [ 304,
123 silly get   { date: 'Fri, 17 May 2019 11:36:57 GMT',
123 silly get     connection: 'keep-alive',
123 silly get     'set-cookie': [ '__cfduid=d18a07e97532a53ce60f004b9930aef401558093017; expires=Sat, 16-May-20 11:36:57 GMT; path=/; domain=.registry.npmjs.org; HttpOnly' ],
123 silly get     'cf-cache-status': 'HIT',
123 silly get     'cache-control': 'max-age=300',
123 silly get     'cf-ray': '4d854beddaa3462a-TPE',
123 silly get     etag: '"e081878343063fefda86616da0c5fc4c"',
123 silly get     'expect-ct': 'max-age=604800, report-uri="https://report-uri.cloudflare.com/cdn-cgi/beacon/expect-ct"',
123 silly get     'last-modified': 'Thu, 11 Apr 2019 16:25:35 GMT',
123 silly get     vary: 'accept-encoding, accept',
123 silly get     'x-amz-meta-rev': '522-00606bea6afe106d00812b29d578dfd6',
123 silly get     server: 'cloudflare' } ]
124 verbose etag https://registry.npmjs.org/express-session from cache
125 verbose get saving express-session to /home/ubuntu/.npm/registry.npmjs.org/express-session/.cache.json
126 verbose correctMkdir /home/ubuntu/.npm correctMkdir already in flight; waiting
127 http 304 https://registry.npmjs.org/ejs
128 verbose headers { date: 'Fri, 17 May 2019 11:36:57 GMT',
128 verbose headers   connection: 'keep-alive',
128 verbose headers   'set-cookie': [ '__cfduid=df76a7443383aca2787efcbf733b1c4ec1558093017; expires=Sat, 16-May-20 11:36:57 GMT; path=/; domain=.registry.npmjs.org; HttpOnly' ],
128 verbose headers   'cf-cache-status': 'HIT',
128 verbose headers   'cache-control': 'max-age=300',
128 verbose headers   'cf-ray': '4d854bedf895460c-TPE',
128 verbose headers   etag: '"c5327710c04c9233437e053c081a4080"',
128 verbose headers   'expect-ct': 'max-age=604800, report-uri="https://report-uri.cloudflare.com/cdn-cgi/beacon/expect-ct"',
128 verbose headers   'last-modified': 'Sun, 10 Mar 2019 10:50:42 GMT',
128 verbose headers   vary: 'accept-encoding, accept',
128 verbose headers   'x-amz-meta-rev': '474-91ab93ba978f13837948ad4304a43714',
128 verbose headers   server: 'cloudflare' }
129 silly get cb [ 304,
129 silly get   { date: 'Fri, 17 May 2019 11:36:57 GMT',
129 silly get     connection: 'keep-alive',
129 silly get     'set-cookie': [ '__cfduid=df76a7443383aca2787efcbf733b1c4ec1558093017; expires=Sat, 16-May-20 11:36:57 GMT; path=/; domain=.registry.npmjs.org; HttpOnly' ],
129 silly get     'cf-cache-status': 'HIT',
129 silly get     'cache-control': 'max-age=300',
129 silly get     'cf-ray': '4d854bedf895460c-TPE',
129 silly get     etag: '"c5327710c04c9233437e053c081a4080"',
129 silly get     'expect-ct': 'max-age=604800, report-uri="https://report-uri.cloudflare.com/cdn-cgi/beacon/expect-ct"',
129 silly get     'last-modified': 'Sun, 10 Mar 2019 10:50:42 GMT',
129 silly get     vary: 'accept-encoding, accept',
129 silly get     'x-amz-meta-rev': '474-91ab93ba978f13837948ad4304a43714',
129 silly get     server: 'cloudflare' } ]
130 verbose etag https://registry.npmjs.org/ejs from cache
131 verbose get saving ejs to /home/ubuntu/.npm/registry.npmjs.org/ejs/.cache.json
132 verbose correctMkdir /home/ubuntu/.npm correctMkdir not in flight; initializing
133 http 200 https://registry.npmjs.org/request
134 verbose headers { date: 'Fri, 17 May 2019 11:36:57 GMT',
134 verbose headers   'content-type': 'application/json',
134 verbose headers   'transfer-encoding': 'chunked',
134 verbose headers   connection: 'keep-alive',
134 verbose headers   'set-cookie': [ '__cfduid=da502b05ccb6314e5908c356124a36ee21558093017; expires=Sat, 16-May-20 11:36:57 GMT; path=/; domain=.registry.npmjs.org; HttpOnly' ],
134 verbose headers   'cf-cache-status': 'HIT',
134 verbose headers   'cache-control': 'max-age=300',
134 verbose headers   'cf-ray': '4d854bedfbb64546-TPE',
134 verbose headers   etag: 'W/"e3e3ff62dad69f3a901628eb75dfdce0"',
134 verbose headers   'expect-ct': 'max-age=604800, report-uri="https://report-uri.cloudflare.com/cdn-cgi/beacon/expect-ct"',
134 verbose headers   'last-modified': 'Wed, 01 May 2019 21:01:24 GMT',
134 verbose headers   vary: 'accept-encoding, accept',
134 verbose headers   'x-amz-meta-rev': '2009-bfb691afc5aebbf6eca326b1e8758076',
134 verbose headers   server: 'cloudflare',
134 verbose headers   'content-encoding': 'gzip' }
135 silly get cb [ 200,
135 silly get   { date: 'Fri, 17 May 2019 11:36:57 GMT',
135 silly get     'content-type': 'application/json',
135 silly get     'transfer-encoding': 'chunked',
135 silly get     connection: 'keep-alive',
135 silly get     'set-cookie': [ '__cfduid=da502b05ccb6314e5908c356124a36ee21558093017; expires=Sat, 16-May-20 11:36:57 GMT; path=/; domain=.registry.npmjs.org; HttpOnly' ],
135 silly get     'cf-cache-status': 'HIT',
135 silly get     'cache-control': 'max-age=300',
135 silly get     'cf-ray': '4d854bedfbb64546-TPE',
135 silly get     etag: 'W/"e3e3ff62dad69f3a901628eb75dfdce0"',
135 silly get     'expect-ct': 'max-age=604800, report-uri="https://report-uri.cloudflare.com/cdn-cgi/beacon/expect-ct"',
135 silly get     'last-modified': 'Wed, 01 May 2019 21:01:24 GMT',
135 silly get     vary: 'accept-encoding, accept',
135 silly get     'x-amz-meta-rev': '2009-bfb691afc5aebbf6eca326b1e8758076',
135 silly get     server: 'cloudflare',
135 silly get     'content-encoding': 'gzip' } ]
136 verbose get saving request to /home/ubuntu/.npm/registry.npmjs.org/request/.cache.json
137 verbose correctMkdir /home/ubuntu/.npm correctMkdir not in flight; initializing
138 http 200 https://registry.npmjs.org/express
139 verbose headers { date: 'Fri, 17 May 2019 11:36:57 GMT',
139 verbose headers   'content-type': 'application/json',
139 verbose headers   'transfer-encoding': 'chunked',
139 verbose headers   connection: 'keep-alive',
139 verbose headers   'set-cookie': [ '__cfduid=d68df2523f92d0ecff9527998f0e1f9861558093017; expires=Sat, 16-May-20 11:36:57 GMT; path=/; domain=.registry.npmjs.org; HttpOnly' ],
139 verbose headers   'cf-cache-status': 'HIT',
139 verbose headers   'cache-control': 'max-age=300',
139 verbose headers   'cf-ray': '4d854bedff024618-TPE',
139 verbose headers   etag: 'W/"ef9a80a287f699ab54316ff81967e197"',
139 verbose headers   'expect-ct': 'max-age=604800, report-uri="https://report-uri.cloudflare.com/cdn-cgi/beacon/expect-ct"',
139 verbose headers   'last-modified': 'Fri, 17 May 2019 01:57:45 GMT',
139 verbose headers   vary: 'accept-encoding, accept',
139 verbose headers   'x-amz-meta-rev': '3888-36e7aece39f30d613884e5f7190438bd',
139 verbose headers   server: 'cloudflare',
139 verbose headers   'content-encoding': 'gzip' }
140 silly get cb [ 200,
140 silly get   { date: 'Fri, 17 May 2019 11:36:57 GMT',
140 silly get     'content-type': 'application/json',
140 silly get     'transfer-encoding': 'chunked',
140 silly get     connection: 'keep-alive',
140 silly get     'set-cookie': [ '__cfduid=d68df2523f92d0ecff9527998f0e1f9861558093017; expires=Sat, 16-May-20 11:36:57 GMT; path=/; domain=.registry.npmjs.org; HttpOnly' ],
140 silly get     'cf-cache-status': 'HIT',
140 silly get     'cache-control': 'max-age=300',
140 silly get     'cf-ray': '4d854bedff024618-TPE',
140 silly get     etag: 'W/"ef9a80a287f699ab54316ff81967e197"',
140 silly get     'expect-ct': 'max-age=604800, report-uri="https://report-uri.cloudflare.com/cdn-cgi/beacon/expect-ct"',
140 silly get     'last-modified': 'Fri, 17 May 2019 01:57:45 GMT',
140 silly get     vary: 'accept-encoding, accept',
140 silly get     'x-amz-meta-rev': '3888-36e7aece39f30d613884e5f7190438bd',
140 silly get     server: 'cloudflare',
140 silly get     'content-encoding': 'gzip' } ]
141 verbose get saving express to /home/ubuntu/.npm/registry.npmjs.org/express/.cache.json
142 verbose correctMkdir /home/ubuntu/.npm correctMkdir not in flight; initializing
143 http 304 https://registry.npmjs.org/method-override
144 verbose headers { date: 'Fri, 17 May 2019 11:36:57 GMT',
144 verbose headers   connection: 'keep-alive',
144 verbose headers   'set-cookie': [ '__cfduid=d72f5e0b44004789a87029b35ee9de4391558093017; expires=Sat, 16-May-20 11:36:57 GMT; path=/; domain=.registry.npmjs.org; HttpOnly' ],
144 verbose headers   'cf-cache-status': 'HIT',
144 verbose headers   'cache-control': 'max-age=300',
144 verbose headers   'cf-ray': '4d854bedceb045a0-TPE',
144 verbose headers   etag: '"9960d1d2f85d0ddefbf3fb05444ac0fd"',
144 verbose headers   'expect-ct': 'max-age=604800, report-uri="https://report-uri.cloudflare.com/cdn-cgi/beacon/expect-ct"',
144 verbose headers   'last-modified': 'Thu, 12 Jul 2018 03:11:38 GMT',
144 verbose headers   vary: 'accept-encoding, accept',
144 verbose headers   server: 'cloudflare' }
145 silly get cb [ 304,
145 silly get   { date: 'Fri, 17 May 2019 11:36:57 GMT',
145 silly get     connection: 'keep-alive',
145 silly get     'set-cookie': [ '__cfduid=d72f5e0b44004789a87029b35ee9de4391558093017; expires=Sat, 16-May-20 11:36:57 GMT; path=/; domain=.registry.npmjs.org; HttpOnly' ],
145 silly get     'cf-cache-status': 'HIT',
145 silly get     'cache-control': 'max-age=300',
145 silly get     'cf-ray': '4d854bedceb045a0-TPE',
145 silly get     etag: '"9960d1d2f85d0ddefbf3fb05444ac0fd"',
145 silly get     'expect-ct': 'max-age=604800, report-uri="https://report-uri.cloudflare.com/cdn-cgi/beacon/expect-ct"',
145 silly get     'last-modified': 'Thu, 12 Jul 2018 03:11:38 GMT',
145 silly get     vary: 'accept-encoding, accept',
145 silly get     server: 'cloudflare' } ]
146 verbose etag https://registry.npmjs.org/method-override from cache
147 verbose get saving method-override to /home/ubuntu/.npm/registry.npmjs.org/method-override/.cache.json
148 verbose correctMkdir /home/ubuntu/.npm correctMkdir not in flight; initializing
149 http 200 https://registry.npmjs.org/mongoose
150 verbose headers { date: 'Fri, 17 May 2019 11:36:57 GMT',
150 verbose headers   'content-type': 'application/json',
150 verbose headers   'transfer-encoding': 'chunked',
150 verbose headers   connection: 'keep-alive',
150 verbose headers   'set-cookie': [ '__cfduid=de4aca9568b507a998d6603994cf9e24f1558093017; expires=Sat, 16-May-20 11:36:57 GMT; path=/; domain=.registry.npmjs.org; HttpOnly' ],
150 verbose headers   'cf-cache-status': 'HIT',
150 verbose headers   'cache-control': 'max-age=300',
150 verbose headers   'cf-ray': '4d854bedface45ac-TPE',
150 verbose headers   etag: 'W/"d0c361fd01b62853b2b820a30e5be275"',
150 verbose headers   'expect-ct': 'max-age=604800, report-uri="https://report-uri.cloudflare.com/cdn-cgi/beacon/expect-ct"',
150 verbose headers   'last-modified': 'Thu, 16 May 2019 18:12:25 GMT',
150 verbose headers   vary: 'accept-encoding, accept',
150 verbose headers   'x-amz-meta-rev': '1735-d18b3129a526376e6e94a0e12f7f720e',
150 verbose headers   server: 'cloudflare',
150 verbose headers   'content-encoding': 'gzip' }
151 silly get cb [ 200,
151 silly get   { date: 'Fri, 17 May 2019 11:36:57 GMT',
151 silly get     'content-type': 'application/json',
151 silly get     'transfer-encoding': 'chunked',
151 silly get     connection: 'keep-alive',
151 silly get     'set-cookie': [ '__cfduid=de4aca9568b507a998d6603994cf9e24f1558093017; expires=Sat, 16-May-20 11:36:57 GMT; path=/; domain=.registry.npmjs.org; HttpOnly' ],
151 silly get     'cf-cache-status': 'HIT',
151 silly get     'cache-control': 'max-age=300',
151 silly get     'cf-ray': '4d854bedface45ac-TPE',
151 silly get     etag: 'W/"d0c361fd01b62853b2b820a30e5be275"',
151 silly get     'expect-ct': 'max-age=604800, report-uri="https://report-uri.cloudflare.com/cdn-cgi/beacon/expect-ct"',
151 silly get     'last-modified': 'Thu, 16 May 2019 18:12:25 GMT',
151 silly get     vary: 'accept-encoding, accept',
151 silly get     'x-amz-meta-rev': '1735-d18b3129a526376e6e94a0e12f7f720e',
151 silly get     server: 'cloudflare',
151 silly get     'content-encoding': 'gzip' } ]
152 verbose get saving mongoose to /home/ubuntu/.npm/registry.npmjs.org/mongoose/.cache.json
153 verbose correctMkdir /home/ubuntu/.npm correctMkdir not in flight; initializing
154 http 304 https://registry.npmjs.org/passport-local-mongoose
155 verbose headers { date: 'Fri, 17 May 2019 11:36:57 GMT',
155 verbose headers   connection: 'keep-alive',
155 verbose headers   'set-cookie': [ '__cfduid=ddb3eb36d8b4caa304920dc6bbd917c0c1558093017; expires=Sat, 16-May-20 11:36:57 GMT; path=/; domain=.registry.npmjs.org; HttpOnly' ],
155 verbose headers   'cf-cache-status': 'REVALIDATED',
155 verbose headers   'cache-control': 'max-age=300',
155 verbose headers   'cf-ray': '4d854bedca28459a-TPE',
155 verbose headers   etag: '"a0a551088b5a11bec6206b4128c7ade3"',
155 verbose headers   'expect-ct': 'max-age=604800, report-uri="https://report-uri.cloudflare.com/cdn-cgi/beacon/expect-ct"',
155 verbose headers   'last-modified': 'Wed, 20 Jun 2018 17:24:25 GMT',
155 verbose headers   vary: 'accept-encoding, accept',
155 verbose headers   server: 'cloudflare' }
156 silly get cb [ 304,
156 silly get   { date: 'Fri, 17 May 2019 11:36:57 GMT',
156 silly get     connection: 'keep-alive',
156 silly get     'set-cookie': [ '__cfduid=ddb3eb36d8b4caa304920dc6bbd917c0c1558093017; expires=Sat, 16-May-20 11:36:57 GMT; path=/; domain=.registry.npmjs.org; HttpOnly' ],
156 silly get     'cf-cache-status': 'REVALIDATED',
156 silly get     'cache-control': 'max-age=300',
156 silly get     'cf-ray': '4d854bedca28459a-TPE',
156 silly get     etag: '"a0a551088b5a11bec6206b4128c7ade3"',
156 silly get     'expect-ct': 'max-age=604800, report-uri="https://report-uri.cloudflare.com/cdn-cgi/beacon/expect-ct"',
156 silly get     'last-modified': 'Wed, 20 Jun 2018 17:24:25 GMT',
156 silly get     vary: 'accept-encoding, accept',
156 silly get     server: 'cloudflare' } ]
157 verbose etag https://registry.npmjs.org/passport-local-mongoose from cache
158 verbose get saving passport-local-mongoose to /home/ubuntu/.npm/registry.npmjs.org/passport-local-mongoose/.cache.json
159 verbose correctMkdir /home/ubuntu/.npm correctMkdir not in flight; initializing
160 http 304 https://registry.npmjs.org/connect-flash
161 verbose headers { date: 'Fri, 17 May 2019 11:36:58 GMT',
161 verbose headers   connection: 'keep-alive',
161 verbose headers   'set-cookie': [ '__cfduid=d9b9ab913fcc09b01e74f07fff285ca121558093017; expires=Sat, 16-May-20 11:36:57 GMT; path=/; domain=.registry.npmjs.org; HttpOnly' ],
161 verbose headers   'cf-cache-status': 'REVALIDATED',
161 verbose headers   'cache-control': 'max-age=300',
161 verbose headers   'cf-ray': '4d854bedfe1545e8-TPE',
161 verbose headers   etag: '"9d6bf54d2fded8f4bc30321137e7ca37"',
161 verbose headers   'expect-ct': 'max-age=604800, report-uri="https://report-uri.cloudflare.com/cdn-cgi/beacon/expect-ct"',
161 verbose headers   'last-modified': 'Fri, 03 Aug 2018 00:32:06 GMT',
161 verbose headers   vary: 'accept-encoding, accept',
161 verbose headers   server: 'cloudflare' }
162 silly get cb [ 304,
162 silly get   { date: 'Fri, 17 May 2019 11:36:58 GMT',
162 silly get     connection: 'keep-alive',
162 silly get     'set-cookie': [ '__cfduid=d9b9ab913fcc09b01e74f07fff285ca121558093017; expires=Sat, 16-May-20 11:36:57 GMT; path=/; domain=.registry.npmjs.org; HttpOnly' ],
162 silly get     'cf-cache-status': 'REVALIDATED',
162 silly get     'cache-control': 'max-age=300',
162 silly get     'cf-ray': '4d854bedfe1545e8-TPE',
162 silly get     etag: '"9d6bf54d2fded8f4bc30321137e7ca37"',
162 silly get     'expect-ct': 'max-age=604800, report-uri="https://report-uri.cloudflare.com/cdn-cgi/beacon/expect-ct"',
162 silly get     'last-modified': 'Fri, 03 Aug 2018 00:32:06 GMT',
162 silly get     vary: 'accept-encoding, accept',
162 silly get     server: 'cloudflare' } ]
163 verbose etag https://registry.npmjs.org/connect-flash from cache
164 verbose get saving connect-flash to /home/ubuntu/.npm/registry.npmjs.org/connect-flash/.cache.json
165 verbose correctMkdir /home/ubuntu/.npm correctMkdir not in flight; initializing
166 http 304 https://registry.npmjs.org/flash-message
167 verbose headers { date: 'Fri, 17 May 2019 11:36:58 GMT',
167 verbose headers   connection: 'keep-alive',
167 verbose headers   'set-cookie': [ '__cfduid=de5987a983e7f4bc3f9789d3cb75da5be1558093017; expires=Sat, 16-May-20 11:36:57 GMT; path=/; domain=.registry.npmjs.org; HttpOnly' ],
167 verbose headers   'cf-cache-status': 'REVALIDATED',
167 verbose headers   'cache-control': 'max-age=300',
167 verbose headers   'cf-ray': '4d854bedff9e45fa-TPE',
167 verbose headers   etag: '"07837e3f335e4a3077f3dffe542025b7"',
167 verbose headers   'expect-ct': 'max-age=604800, report-uri="https://report-uri.cloudflare.com/cdn-cgi/beacon/expect-ct"',
167 verbose headers   'last-modified': 'Sun, 27 May 2018 00:52:07 GMT',
167 verbose headers   vary: 'accept-encoding, accept',
167 verbose headers   server: 'cloudflare' }
168 silly get cb [ 304,
168 silly get   { date: 'Fri, 17 May 2019 11:36:58 GMT',
168 silly get     connection: 'keep-alive',
168 silly get     'set-cookie': [ '__cfduid=de5987a983e7f4bc3f9789d3cb75da5be1558093017; expires=Sat, 16-May-20 11:36:57 GMT; path=/; domain=.registry.npmjs.org; HttpOnly' ],
168 silly get     'cf-cache-status': 'REVALIDATED',
168 silly get     'cache-control': 'max-age=300',
168 silly get     'cf-ray': '4d854bedff9e45fa-TPE',
168 silly get     etag: '"07837e3f335e4a3077f3dffe542025b7"',
168 silly get     'expect-ct': 'max-age=604800, report-uri="https://report-uri.cloudflare.com/cdn-cgi/beacon/expect-ct"',
168 silly get     'last-modified': 'Sun, 27 May 2018 00:52:07 GMT',
168 silly get     vary: 'accept-encoding, accept',
168 silly get     server: 'cloudflare' } ]
169 verbose etag https://registry.npmjs.org/flash-message from cache
170 verbose get saving flash-message to /home/ubuntu/.npm/registry.npmjs.org/flash-message/.cache.json
171 verbose correctMkdir /home/ubuntu/.npm correctMkdir not in flight; initializing
172 info outdated updating [ { dep:
172 info outdated      Node {
172 info outdated        id: 35,
172 info outdated        package: [Object],
172 info outdated        path: '/home/ubuntu/workspace/YelpCamp/node_modules/express',
172 info outdated        realpath: '/home/ubuntu/workspace/YelpCamp/node_modules/express',
172 info outdated        parent: [Object],
172 info outdated        isLink: false,
172 info outdated        children: [Object],
172 info outdated        error: null,
172 info outdated        loaded: false,
172 info outdated        requiredBy: [],
172 info outdated        requires: [Object],
172 info outdated        missingDeps: {},
172 info outdated        missingDevDeps: {},
172 info outdated        phantomChildren: {},
172 info outdated        location: '/express',
172 info outdated        userRequired: false,
172 info outdated        existing: false,
172 info outdated        isTop: false,
172 info outdated        resolved: [Object] },
172 info outdated     depname: 'express',
172 info outdated     current: '4.16.4',
172 info outdated     wanted: '4.17.0',
172 info outdated     latest: '4.17.0',
172 info outdated     req: 'latest',
172 info outdated     what: 'express@4.17.0' },
172 info outdated   { dep:
172 info outdated      Node {
172 info outdated        id: 78,
172 info outdated        package: [Object],
172 info outdated        path: '/home/ubuntu/workspace/YelpCamp/node_modules/mongoose',
172 info outdated        realpath: '/home/ubuntu/workspace/YelpCamp/node_modules/mongoose',
172 info outdated        parent: [Object],
172 info outdated        isLink: false,
172 info outdated        children: [Object],
172 info outdated        error: null,
172 info outdated        loaded: false,
172 info outdated        requiredBy: [],
172 info outdated        requires: [Object],
172 info outdated        missingDeps: {},
172 info outdated        missingDevDeps: {},
172 info outdated        phantomChildren: {},
172 info outdated        location: '/mongoose',
172 info outdated        userRequired: false,
172 info outdated        existing: false,
172 info outdated        isTop: false,
172 info outdated        resolved: [Object] },
172 info outdated     depname: 'mongoose',
172 info outdated     current: '5.5.1',
172 info outdated     wanted: '5.5.9',
172 info outdated     latest: '5.5.9',
172 info outdated     req: 'latest',
172 info outdated     what: 'mongoose@5.5.9' } ]
173 silly loadCurrentTree Starting
174 silly install loadCurrentTree
175 silly install readLocalPackageData
176 silly rollbackFailedOptional Starting
177 silly rollbackFailedOptional Finishing
178 silly runTopLevelLifecycles Finishing
179 silly install printInstalled
180 verbose stack Error: Failed to parse json
180 verbose stack Unexpected token 's' at 8:6
180 verbose stack     "start": 'node app.js'
180 verbose stack      ^
180 verbose stack     at parseError (/home/ubuntu/.nvm/versions/node/v6.11.2/lib/node_modules/npm/node_modules/read-package-json/read-json.js:390:11)
180 verbose stack     at parseJson (/home/ubuntu/.nvm/versions/node/v6.11.2/lib/node_modules/npm/node_modules/read-package-json/read-json.js:79:23)
180 verbose stack     at /home/ubuntu/.nvm/versions/node/v6.11.2/lib/node_modules/npm/node_modules/read-package-json/read-json.js:48:5
180 verbose stack     at /home/ubuntu/.nvm/versions/node/v6.11.2/lib/node_modules/npm/node_modules/graceful-fs/graceful-fs.js:78:16
180 verbose stack     at tryToString (fs.js:456:3)
180 verbose stack     at FSReqWrap.readFileAfterClose [as oncomplete] (fs.js:443:12)
181 verbose cwd /home/ubuntu/workspace/YelpCamp
182 error Linux 4.9.120-c9
183 error argv "/home/ubuntu/.nvm/versions/node/v6.11.2/bin/node" "/home/ubuntu/.nvm/versions/node/v6.11.2/bin/npm" "update"
184 error node v6.11.2
185 error npm  v3.10.10
186 error file /home/ubuntu/workspace/YelpCamp/package.json
187 error code EJSONPARSE
188 error Failed to parse json
188 error Unexpected token 's' at 8:6
188 error     "start": 'node app.js'
188 error      ^
189 error File: /home/ubuntu/workspace/YelpCamp/package.json
190 error Failed to parse package.json data.
190 error package.json must be actual JSON, not just JavaScript.
190 error
190 error This is not a bug in npm.
190 error Tell the package author to fix their package.json file. JSON.parse
191 verbose exit [ 1, true ]
